O - Level Select Screen opened.
2025-05-02 02:40:21,696 - INFO - Auto-continue timeout reached
2025-05-02 02:40:21,696 - INFO - User clicked or timed out, continuing to level select.
2025-05-02 02:40:21,696 - INFO - Transitioning to Level Select Screen.
2025-05-02 02:40:21,697 - INFO - Level Select Screen opened.
2025-05-02 02:40:21,759 - INFO - Auto-continue timeout reached
2025-05-02 02:40:21,759 - INFO - User clicked or timed out, continuing to level select.
2025-05-02 02:40:21,760 - INFO - Transitioning to Level Select Screen.
2025-05-02 02:40:21,761 - INFO - Level Select Screen opened.
2025-05-02 02:40:21,822 - INFO - Auto-continue timeout reached
2025-05-02 02:40:21,822 - INFO - User clicked or timed out, continuing to level select.
2025-05-02 02:40:21,822 - INFO - Transitioning to Level Select Screen.
2025-05-02 02:40:21,829 - INFO - Level Select Screen opened.
2025-05-02 02:40:21,886 - INFO - Auto-continue timeout reached
2025-05-02 02:40:21,886 - INFO - User clicked or timed out, continuing to level select.
2025-05-02 02:40:21,886 - INFO - Transitioning to Level Select Screen.
2025-05-02 02:40:21,887 - INFO - Level Select Screen opened.
2025-05-02 02:40:21,949 - INFO - Auto-continue timeout reached
2025-05-02 02:40:21,950 - INFO - User clicked or timed out, continuing to level select.
2025-05-02 02:40:21,950 - INFO - Transitioning to Level Select Screen.
2025-05-02 02:40:21,951 - INFO - Level Select Screen opened.
2025-05-02 02:40:22,013 - INFO - Auto-continue timeout reached
2025-05-02 02:40:22,013 - INFO - User clicked or timed out, continuing to level select.
2025-05-02 02:40:22,014 - INFO - Transitioning to Level Select Screen.
2025-05-02 02:40:22,027 - INFO - Level Select Screen opened.
2025-05-02 02:40:22,078 - INFO - Auto-continue timeout reached
2025-05-02 02:40:22,078 - INFO - User clicked or timed out, continuing to level select.
2025-05-02 02:40:22,078 - INFO - Transitioning to Level Select Screen.
2025-05-02 02:40:22,080 - INFO - Level Select Screen opened.
2025-05-02 02:40:22,131 - INFO - Auto-continue timeout reached
2025-05-02 02:40:22,131 - INFO - User clicked or timed out, continuing to level select.
2025-05-02 02:40:22,131 - INFO - Transitioning to Level Select Screen.
2025-05-02 02:40:22,134 - INFO - Level Select Screen opened.
2025-05-02 02:40:22,187 - INFO - Auto-continue timeout reached
2025-05-02 02:40:22,187 - INFO - User clicked or timed out, continuing to level select.
2025-05-02 02:40:22,187 - INFO - Transitioning to Level Select Screen.
2025-05-02 02:40:22,190 - INFO - Level Select Screen opened.
2025-05-02 02:40:22,242 - INFO - Auto-continue timeout reached
2025-05-02 02:40:22,242 - INFO - User clicked or timed out, continuing to level select.
2025-05-02 02:40:22,242 - INFO - Transitioning to Level Select Screen.
2025-05-02 02:40:22,245 - INFO - Level Select Screen opened.
2025-05-02 02:40:22,298 - INFO - Auto-continue timeout reached
2025-05-02 02:40:22,299 - INFO - User clicked or timed out, continuing to level select.
2025-05-02 02:40:22,299 - INFO - Transitioning to Level Select Screen.
2025-05-02 02:40:22,300 - INFO - Level Select Screen opened.
2025-05-02 02:40:22,362 - INFO - Auto-continue timeout reached
2025-05-02 02:40:22,362 - INFO - User clicked or timed out, continuing to level select.
2025-05-02 02:40:22,362 - INFO - Transitioning to Level Select Screen.
2025-05-02 02:40:22,365 - INFO - Level Select Screen opened.
2025-05-02 02:40:22,426 - INFO - Auto-continue timeout reached
2025-05-02 02:40:22,426 - INFO - User clicked or timed out, continuing to level select.
2025-05-02 02:40:22,426 - INFO - Transitioning to Level Select Screen.
2025-05-02 02:40:22,428 - INFO - Level Select Screen opened.
2025-05-02 02:40:22,489 - INFO - Auto-continue timeout reached
2025-05-02 02:40:22,489 - INFO - User clicked or timed out, continuing to level select.
2025-05-02 02:40:22,489 - INFO - Transitioning to Level Select Screen.
2025-05-02 02:40:22,492 - INFO - Level Select Screen opened.
2025-05-02 02:40:22,552 - INFO - Auto-continue timeout reached
2025-05-02 02:40:22,553 - INFO - User clicked or timed out, continuing to level select.
2025-05-02 02:40:22,553 - INFO - Transitioning to Level Select Screen.
2025-05-02 02:40:22,554 - INFO - Level Select Screen opened.
2025-05-02 02:40:22,616 - INFO - Auto-continue timeout reached
2025-05-02 02:40:22,616 - INFO - User clicked or timed out, continuing to level select.
2025-05-02 02:40:22,616 - INFO - Transitioning to Level Select Screen.
2025-05-02 02:40:22,618 - INFO - Level Select Screen opened.
2025-05-02 02:40:22,669 - INFO - Auto-continue timeout reached
2025-05-02 02:40:22,669 - INFO - User clicked or timed out, continuing to level select.
2025-05-02 02:40:22,669 - INFO - Transitioning to Level Select Screen.
2025-05-02 02:40:22,671 - INFO - Level Select Screen opened.
2025-05-02 02:40:22,726 - INFO - Auto-continue timeout reached
2025-05-02 02:40:22,726 - INFO - User clicked or timed out, continuing to level select.
2025-05-02 02:40:22,726 - INFO - Transitioning to Level Select Screen.
2025-05-02 02:40:22,728 - INFO - Level Select Screen opened.
2025-05-02 02:40:22,778 - INFO - Auto-continue timeout reached
2025-05-02 02:40:22,779 - INFO - User clicked or timed out, continuing to level select.
2025-05-02 02:40:22,779 - INFO - Transitioning to Level Select Screen.
2025-05-02 02:40:22,780 - INFO - Level Select Screen opened.
2025-05-02 02:40:22,837 - INFO - Auto-continue timeout reached
2025-05-02 02:40:22,837 - INFO - User clicked or timed out, continuing to level select.
2025-05-02 02:40:22,837 - INFO - Transitioning to Level Select Screen.
2025-05-02 02:40:22,839 - INFO - Level Select Screen opened.
2025-05-02 02:40:22,889 - INFO - Auto-continue timeout reached
2025-05-02 02:40:22,889 - INFO - User clicked or timed out, continuing to level select.
2025-05-02 02:40:22,889 - INFO - Transitioning to Level Select Screen.
2025-05-02 02:40:22,893 - INFO - Level Select Screen opened.
2025-05-02 02:40:22,949 - INFO - Auto-continue timeout reached
2025-05-02 02:40:22,949 - INFO - User clicked or timed out, continuing to level select.
2025-05-02 02:40:22,949 - INFO - Transitioning to Level Select Screen.
2025-05-02 02:40:22,951 - INFO - Level Select Screen opened.
2025-05-02 02:40:23,004 - INFO - Auto-continue timeout reached
2025-05-02 02:40:23,004 - INFO - User clicked or timed out, continuing to level select.
2025-05-02 02:40:23,004 - INFO - Transitioning to Level Select Screen.
2025-05-02 02:40:23,007 - INFO - Level Select Screen opened.
2025-05-02 02:40:23,054 - INFO - User exited the application.
2025-05-02 02:40:23,790 - INFO - === MathMaster Application Closed ===
